<?xml version="1.0" encoding="UTF-8"?>
<!-- Generated by org.testng.reporters.JUnitXMLReporter -->
<testsuite ignored="0" hostname="FEUJI-V011D" failures="0" tests="5" name="Default test" time="9.45" errors="0" timestamp="2024-03-01T14:50:19 IST">
  <testcase classname="com.test.RestfulBookerAPITest" name="testCreateToken" time="3.335"/>
  <testcase classname="com.test.RestfulBookerAPITest" name="testCreateBooking" time="1.361"/>
  <testcase classname="com.test.RestfulBookerAPITest" name="testGetBookingId" time="1.338"/>
  <testcase classname="com.test.RestfulBookerAPITest" name="testUpdateBookingDetails" time="1.364"/>
  <testcase classname="com.test.RestfulBookerAPITest" name="testDeleteBookingId" time="1.346"/>
</testsuite> <!-- Default test -->
